2018-07-09 23:41:32,939 - Log4JLogChute initialized using file 'velocity.log'
2018-07-09 23:41:32,939 - Initializing Velocity, Calling init()...
2018-07-09 23:41:32,939 - Starting Apache Velocity v1.7 (compiled: 2010-11-19 12:14:37)
2018-07-09 23:41:32,939 - Default Properties File: org\apache\velocity\runtime\defaults\velocity.properties
2018-07-09 23:41:32,939 - Trying to use logger class org.apache.velocity.runtime.log.AvalonLogChute
2018-07-09 23:41:32,939 - Target log system for org.apache.velocity.runtime.log.AvalonLogChute is not available (java.lang.NoClassDefFoundError: org/apache/log/format/Formatter).  Falling back to next log system...
2018-07-09 23:41:32,939 - Trying to use logger class org.apache.velocity.runtime.log.Log4JLogChute
2018-07-09 23:41:32,939 - Using logger class org.apache.velocity.runtime.log.Log4JLogChute
2018-07-09 23:41:32,943 - ResourceLoader instantiated: org.apache.velocity.runtime.resource.loader.FileResourceLoader
2018-07-09 23:41:32,944 - Do unicode file recognition:  false
2018-07-09 23:41:32,944 - FileResourceLoader : adding path 'E:\javaPro\html2pdf\config\vm'
2018-07-09 23:41:32,949 - ResourceCache: initialized (class org.apache.velocity.runtime.resource.ResourceCacheImpl) with class java.util.Collections$SynchronizedMap cache map.
2018-07-09 23:41:32,951 - Loaded System Directive: org.apache.velocity.runtime.directive.Stop
2018-07-09 23:41:32,951 - Loaded System Directive: org.apache.velocity.runtime.directive.Define
2018-07-09 23:41:32,952 - Loaded System Directive: org.apache.velocity.runtime.directive.Break
2018-07-09 23:41:32,952 - Loaded System Directive: org.apache.velocity.runtime.directive.Evaluate
2018-07-09 23:41:32,953 - Loaded System Directive: org.apache.velocity.runtime.directive.Literal
2018-07-09 23:41:32,954 - Loaded System Directive: org.apache.velocity.runtime.directive.Macro
2018-07-09 23:41:32,955 - Loaded System Directive: org.apache.velocity.runtime.directive.Parse
2018-07-09 23:41:32,956 - Loaded System Directive: org.apache.velocity.runtime.directive.Include
2018-07-09 23:41:32,956 - Loaded System Directive: org.apache.velocity.runtime.directive.Foreach
2018-07-09 23:41:32,980 - Created '20' parsers.
2018-07-09 23:41:32,985 - Velocimacro : "velocimacro.library" is not set.  Trying default library: VM_global_library.vm
2018-07-09 23:41:32,985 - Velocimacro : Default library not found.
2018-07-09 23:41:32,985 - Velocimacro : allowInline = true : VMs can be defined inline in templates
2018-07-09 23:41:32,985 - Velocimacro : allowInlineToOverride = false : VMs defined inline may NOT replace previous VM definitions
2018-07-09 23:41:32,985 - Velocimacro : allowInlineLocal = false : VMs defined inline will be global in scope if allowed.
2018-07-09 23:41:32,985 - Velocimacro : autoload off : VM system will not automatically reload global library macros
2018-07-09 23:41:32,986 - ResourceManager : unable to find resource 'gyhz01.vm' in any resource loader.
2018-07-09 23:42:44,133 - Log4JLogChute initialized using file 'velocity.log'
2018-07-09 23:42:44,133 - Initializing Velocity, Calling init()...
2018-07-09 23:42:44,133 - Starting Apache Velocity v1.7 (compiled: 2010-11-19 12:14:37)
2018-07-09 23:42:44,133 - Default Properties File: org\apache\velocity\runtime\defaults\velocity.properties
2018-07-09 23:42:44,133 - Trying to use logger class org.apache.velocity.runtime.log.AvalonLogChute
2018-07-09 23:42:44,133 - Target log system for org.apache.velocity.runtime.log.AvalonLogChute is not available (java.lang.NoClassDefFoundError: org/apache/log/format/Formatter).  Falling back to next log system...
2018-07-09 23:42:44,133 - Trying to use logger class org.apache.velocity.runtime.log.Log4JLogChute
2018-07-09 23:42:44,133 - Using logger class org.apache.velocity.runtime.log.Log4JLogChute
2018-07-09 23:42:44,137 - ResourceLoader instantiated: org.apache.velocity.runtime.resource.loader.FileResourceLoader
2018-07-09 23:42:44,137 - Do unicode file recognition:  false
2018-07-09 23:42:44,137 - FileResourceLoader : adding path 'E:\javaPro\html2pdf\config\vm'
2018-07-09 23:42:44,142 - ResourceCache: initialized (class org.apache.velocity.runtime.resource.ResourceCacheImpl) with class java.util.Collections$SynchronizedMap cache map.
2018-07-09 23:42:44,143 - Loaded System Directive: org.apache.velocity.runtime.directive.Stop
2018-07-09 23:42:44,144 - Loaded System Directive: org.apache.velocity.runtime.directive.Define
2018-07-09 23:42:44,144 - Loaded System Directive: org.apache.velocity.runtime.directive.Break
2018-07-09 23:42:44,145 - Loaded System Directive: org.apache.velocity.runtime.directive.Evaluate
2018-07-09 23:42:44,145 - Loaded System Directive: org.apache.velocity.runtime.directive.Literal
2018-07-09 23:42:44,146 - Loaded System Directive: org.apache.velocity.runtime.directive.Macro
2018-07-09 23:42:44,147 - Loaded System Directive: org.apache.velocity.runtime.directive.Parse
2018-07-09 23:42:44,148 - Loaded System Directive: org.apache.velocity.runtime.directive.Include
2018-07-09 23:42:44,148 - Loaded System Directive: org.apache.velocity.runtime.directive.Foreach
2018-07-09 23:42:44,169 - Created '20' parsers.
2018-07-09 23:42:44,173 - Velocimacro : "velocimacro.library" is not set.  Trying default library: VM_global_library.vm
2018-07-09 23:42:44,173 - Velocimacro : Default library not found.
2018-07-09 23:42:44,173 - Velocimacro : allowInline = true : VMs can be defined inline in templates
2018-07-09 23:42:44,174 - Velocimacro : allowInlineToOverride = false : VMs defined inline may NOT replace previous VM definitions
2018-07-09 23:42:44,174 - Velocimacro : allowInlineLocal = false : VMs defined inline will be global in scope if allowed.
2018-07-09 23:42:44,174 - Velocimacro : autoload off : VM system will not automatically reload global library macros
2018-07-09 23:42:44,174 - ResourceManager : unable to find resource 'gyhz01.vm' in any resource loader.
